<?xml version="1.0" encoding="UTF-8"?>
<!-- Generated by org.testng.reporters.JUnitXMLReporter -->
<testsuite ignored="0" hostname="DESKTOP-TQRCMAL" failures="0" tests="1" name="AgileCRMtest" time="30.748" errors="0" timestamp="2022-07-28T11:38:54 IST">
  <testcase classname="com.realestatecrm.company.CompanyModuleTC" name="@AfterClass afterClass" time="1.257">
    <failure type="org.openqa.selenium.ElementClickInterceptedException" message="element click intercepted: Element &amp;lt;span class=&amp;quot;thumb-small avatar pull-right m-t-n-sm&amp;quot;&amp;gt;...&amp;lt;/span&amp;gt; is not clickable at point (1506, 23). Other element would receive the click: &amp;lt;div class=&amp;quot;modal-backdrop fade in&amp;quot; style=&amp;quot;height: 718px;&amp;quot;&amp;gt;&amp;lt;/div&amp;gt;
  (Session info: chrome=103.0.5060.134)
Build info: version: &amp;apos;4.0.0&amp;apos;, revision: &amp;apos;3a21814679&amp;apos;
System info: host: &amp;apos;DESKTOP-TQRCMAL&amp;apos;, ip: &amp;apos;192.168.147.1&amp;apos;, os.name: &amp;apos;Windows 10&amp;apos;, os.arch: &amp;apos;amd64&amp;apos;, os.version: &amp;apos;10.0&amp;apos;, java.version: &amp;apos;18.0.1&amp;apos;
Driver info: org.openqa.selenium.chrome.ChromeDriver
Command: [ebdd6bf60c1fbe09c90c9b961b4b07b3, clickElement {id=3bb34649-2cac-49d9-843f-adfc071f54a7}]
Capabilities {acceptInsecureCerts: false, browserName: chrome, browserVersion: 103.0.5060.134, chrome: {chromedriverVersion: 103.0.5060.134 (8ec6fce403b..., userDataDir: C:\Users\parag\AppData\Loca...}, goog:chromeOptions: {debuggerAddress: localhost:51599}, javascriptEnabled: true, networkConnectionEnabled: false, pageLoadStrategy: normal, platform: WINDOWS, platformName: WINDOWS, proxy: Proxy(), se:cdp: ws://localhost:51599/devtoo..., se:cdpVersion: 103.0.5060.134, setWindowRect: true, strictFileInteractability: false, timeouts: {implicit: 0, pageLoad: 300000, script: 30000}, unhandledPromptBehavior: dismiss and notify, webauthn:extension:credBlob: true, webauthn:extension:largeBlob: true, webauthn:virtualAuthenticators: true}
Element: [[ChromeDriver: chrome on WINDOWS (ebdd6bf60c1fbe09c90c9b961b4b07b3)] -&amp;gt; xpath: //span[contains(@class,&amp;quot;thumb-small avatar&amp;quot;)]]
Session ID: ebdd6bf60c1fbe09c90c9b961b4b07b3">
      <![CDATA[org.openqa.selenium.ElementClickInterceptedException: element click intercepted: Element <span class="thumb-small avatar pull-right m-t-n-sm">...</span> is not clickable at point (1506, 23). Other element would receive the click: <div class="modal-backdrop fade in" style="height: 718px;"></div>
  (Session info: chrome=103.0.5060.134)
Build info: version: '4.0.0', revision: '3a21814679'
System info: host: 'DESKTOP-TQRCMAL', ip: '192.168.147.1', os.name: 'Windows 10', os.arch: 'amd64', os.version: '10.0', java.version: '18.0.1'
Driver info: org.openqa.selenium.chrome.ChromeDriver
Command: [ebdd6bf60c1fbe09c90c9b961b4b07b3, clickElement {id=3bb34649-2cac-49d9-843f-adfc071f54a7}]
Capabilities {acceptInsecureCerts: false, browserName: chrome, browserVersion: 103.0.5060.134, chrome: {chromedriverVersion: 103.0.5060.134 (8ec6fce403b..., userDataDir: C:\Users\parag\AppData\Loca...}, goog:chromeOptions: {debuggerAddress: localhost:51599}, javascriptEnabled: true, networkConnectionEnabled: false, pageLoadStrategy: normal, platform: WINDOWS, platformName: WINDOWS, proxy: Proxy(), se:cdp: ws://localhost:51599/devtoo..., se:cdpVersion: 103.0.5060.134, setWindowRect: true, strictFileInteractability: false, timeouts: {implicit: 0, pageLoad: 300000, script: 30000}, unhandledPromptBehavior: dismiss and notify, webauthn:extension:credBlob: true, webauthn:extension:largeBlob: true, webauthn:virtualAuthenticators: true}
Element: [[ChromeDriver: chrome on WINDOWS (ebdd6bf60c1fbe09c90c9b961b4b07b3)] -> xpath: //span[contains(@class,"thumb-small avatar")]]
Session ID: ebdd6bf60c1fbe09c90c9b961b4b07b3
at org.openqa.selenium.remote.codec.w3c.W3CHttpResponseCodec.createException(W3CHttpResponseCodec.java:200)
at org.openqa.selenium.remote.codec.w3c.W3CHttpResponseCodec.decode(W3CHttpResponseCodec.java:133)
at org.openqa.selenium.remote.codec.w3c.W3CHttpResponseCodec.decode(W3CHttpResponseCodec.java:53)
at org.openqa.selenium.remote.HttpCommandExecutor.execute(HttpCommandExecutor.java:184)
at org.openqa.selenium.remote.service.DriverCommandExecutor.invokeExecute(DriverCommandExecutor.java:164)
at org.openqa.selenium.remote.service.DriverCommandExecutor.execute(DriverCommandExecutor.java:139)
at org.openqa.selenium.remote.RemoteWebDriver.execute(RemoteWebDriver.java:559)
at org.openqa.selenium.remote.RemoteWebElement.execute(RemoteWebElement.java:251)
at org.openqa.selenium.remote.RemoteWebElement.click(RemoteWebElement.java:77)
at com.realestatecrm.company.CompanyModuleTC.afterClass(CompanyModuleTC.java:48)
at java.base/java.util.ArrayList.forEach(ArrayList.java:1511)
... Removed 26 stack frames]]>
    </failure>
  </testcase> <!-- @AfterClass afterClass -->
  <testcase classname="com.realestatecrm.company.CompanyModuleTC" name="addCompany" time="1.933"/>
</testsuite> <!-- AgileCRMtest -->
